<?xml version="1.0" encoding="UTF-8"?>
<testsuite xmlns:xsi="http://www.w3.org/2001/XMLSchema-instance" xsi:noNamespaceSchemaLocation="https://maven.apache.org/surefire/maven-surefire-plugin/xsd/surefire-test-report-3.0.xsd" version="3.0" name="com.B2B.SP.user.ApplicationTests" time="8.591" tests="1" errors="0" skipped="0" failures="0">
  <properties>
[...]
</properties>
  <testcase name="contextLoads" classname="com.B2B.SP.user.ApplicationTests" time="0.78">
    <system-out><![CDATA[06:20:09.195 [main] INFO org.springframework.test.context.support.AnnotationConfigContextLoaderUtils -- Could not detect default configuration classes for test class [com.B2B.SP.user.ApplicationTests]: ApplicationTests does not declare any static, non-private, non-final, nested classes annotated with @Configuration.
06:20:09.349 [main] INFO org.springframework.boot.test.context.SpringBootTestContextBootstrapper -- Found @SpringBootConfiguration com.B2B.SP.user.Application for test class com.B2B.SP.user.ApplicationTests
06:20:09.674 [main] INFO org.springframework.boot.devtools.restart.RestartApplicationListener -- Restart disabled due to context in which it is running

  .   ____          _            __ _ _
 /\\ / ___'_ __ _ _(_)_ __  __ _ \ \ \ \
( ( )\___ | '_ | '_| | '_ \/ _` | \ \ \ \
 \\/  ___)| |_)| | | | | || (_| |  ) ) ) )
  '  |____| .__|_| |_|_| |_\__, | / / / /
 =========|_|==============|___/=/_/_/_/
 :: Spring Boot ::                (v3.2.2)

2024-05-29T06:20:10.056+05:30  INFO 1672 --- [           main] com.B2B.SP.user.ApplicationTests         : Starting ApplicationTests using Java 17.0.3.1 with PID 1672 (started by Aruna Fernando in D:\Github\arunaFER\project-SUMMIT-user-be)
2024-05-29T06:20:10.058+05:30  INFO 1672 --- [           main] com.B2B.SP.user.ApplicationTests         : No active profile set, falling back to 1 default profile: "default"
2024-05-29T06:20:11.218+05:30  INFO 1672 --- [           main] .s.d.r.c.RepositoryConfigurationDelegate : Bootstrapping Spring Data JPA repositories in DEFAULT mode.
2024-05-29T06:20:11.314+05:30  INFO 1672 --- [           main] .s.d.r.c.RepositoryConfigurationDelegate : Finished Spring Data repository scanning in 78 ms. Found 1 JPA repository interface.
2024-05-29T06:20:12.020+05:30  INFO 1672 --- [           main] o.hibernate.jpa.internal.util.LogHelper  : HHH000204: Processing PersistenceUnitInfo [name: default]
2024-05-29T06:20:12.113+05:30  INFO 1672 --- [           main] org.hibernate.Version                    : HHH000412: Hibernate ORM core version 6.4.1.Final
2024-05-29T06:20:12.177+05:30  INFO 1672 --- [           main] o.h.c.internal.RegionFactoryInitiator    : HHH000026: Second-level cache disabled
2024-05-29T06:20:12.635+05:30  INFO 1672 --- [           main] o.s.o.j.p.SpringPersistenceUnitInfo      : No LoadTimeWeaver setup: ignoring JPA class transformer
2024-05-29T06:20:12.682+05:30  INFO 1672 --- [           main] com.zaxxer.hikari.HikariDataSource       : HikariPool-1 - Starting...
2024-05-29T06:20:13.107+05:30  INFO 1672 --- [           main] com.zaxxer.hikari.pool.HikariPool        : HikariPool-1 - Added connection org.postgresql.jdbc.PgConnection@3e0a9b1d
2024-05-29T06:20:13.113+05:30  INFO 1672 --- [           main] com.zaxxer.hikari.HikariDataSource       : HikariPool-1 - Start completed.
2024-05-29T06:20:13.170+05:30  WARN 1672 --- [           main] org.hibernate.orm.deprecation            : HHH90000025: PostgreSQLDialect does not need to be specified explicitly using 'hibernate.dialect' (remove the property setting and it will be selected by default)
2024-05-29T06:20:14.311+05:30  INFO 1672 --- [           main] o.h.e.t.j.p.i.JtaPlatformInitiator       : HHH000489: No JTA platform available (set 'hibernate.transaction.jta.platform' to enable JTA platform integration)
Hibernate: 
    create table user_table (
        user_id bigserial not null,
        account_status varchar(255) check (account_status in ('ACTIVE','INACTIVE','SUSPENDED')),
        account_type varchar(255) check (account_type in ('CUSTOMER','SUPPLIER','ADMIN')),
        user_email varchar(255),
        user_name varchar(255),
        primary key (user_id)
    )
Hibernate: 
    alter table if exists user_table 
       drop constraint if exists UK_p50irg6kthpq3f33xu9r1kw4x
2024-05-29T06:20:14.725+05:30  WARN 1672 --- [           main] o.h.engine.jdbc.spi.SqlExceptionHelper   : SQL Warning Code: 0, SQLState: 00000
2024-05-29T06:20:14.726+05:30  WARN 1672 --- [           main] o.h.engine.jdbc.spi.SqlExceptionHelper   : constraint "uk_p50irg6kthpq3f33xu9r1kw4x" of relation "user_table" does not exist, skipping
Hibernate: 
    alter table if exists user_table 
       add constraint UK_p50irg6kthpq3f33xu9r1kw4x unique (user_name)
2024-05-29T06:20:14.759+05:30  INFO 1672 --- [           main] j.LocalContainerEntityManagerFactoryBean : Initialized JPA EntityManagerFactory for persistence unit 'default'
2024-05-29T06:20:15.288+05:30  INFO 1672 --- [           main] o.s.d.j.r.query.QueryEnhancerFactory     : Hibernate is in classpath; If applicable, HQL parser will be used.
2024-05-29T06:20:16.127+05:30  WARN 1672 --- [           main] JpaBaseConfiguration$JpaWebConfiguration : spring.jpa.open-in-view is enabled by default. Therefore, database queries may be performed during view rendering. Explicitly configure spring.jpa.open-in-view to disable this warning
2024-05-29T06:20:16.759+05:30  INFO 1672 --- [           main] com.B2B.SP.user.ApplicationTests         : Started ApplicationTests in 7.106 seconds (process running for 8.609)
]]></system-out>
  </testcase>
</testsuite>